<?xml version="1.0" encoding="UTF-8"?>
<trace:TraceModel
    xmi:version="2.0"
    xmlns:xmi="http://www.omg.org/XMI"
    xmlns:trace="http://www.eclipse.org/gmf/2006/Trace">
  <nodeTraces
      visualID="2001"
      queryText="(let _eClass_:ecore::EClass = modelFacet.metaClass.ecoreClass in _eClass_.ePackage.nsURI = 'http://arduino/1.0' and _eClass_.name = 'Ligar_Cores_Policia') and (let _containmentMF_:ecore::EStructuralFeature = modelFacet.containmentMetaFeature.ecoreFeature in (let _eClass_:ecore::EClass = _containmentMF_.eContainingClass in _eClass_.ePackage.nsURI = 'http://arduino/1.0' and _eClass_.name = 'Robo') and _containmentMF_.name = 'temAcoes')">
    <nodeLabelTraces
        visualID="5006"
        queryText="true"/>
  </nodeTraces>
  <nodeTraces
      visualID="2002"
      queryText="(let _eClass_:ecore::EClass = modelFacet.metaClass.ecoreClass in _eClass_.ePackage.nsURI = 'http://arduino/1.0' and _eClass_.name = 'Ligar_Cores_Arco_Iris') and (let _containmentMF_:ecore::EStructuralFeature = modelFacet.containmentMetaFeature.ecoreFeature in (let _eClass_:ecore::EClass = _containmentMF_.eContainingClass in _eClass_.ePackage.nsURI = 'http://arduino/1.0' and _eClass_.name = 'Robo') and _containmentMF_.name = 'temAcoes')">
    <nodeLabelTraces
        visualID="5007"
        queryText="true"/>
  </nodeTraces>
  <nodeTraces
      visualID="2003"
      queryText="(let _eClass_:ecore::EClass = modelFacet.metaClass.ecoreClass in _eClass_.ePackage.nsURI = 'http://arduino/1.0' and _eClass_.name = 'Ligar_Azul') and (let _containmentMF_:ecore::EStructuralFeature = modelFacet.containmentMetaFeature.ecoreFeature in (let _eClass_:ecore::EClass = _containmentMF_.eContainingClass in _eClass_.ePackage.nsURI = 'http://arduino/1.0' and _eClass_.name = 'Robo') and _containmentMF_.name = 'temAcoes')">
    <nodeLabelTraces
        visualID="5008"
        queryText="true"/>
  </nodeTraces>
  <nodeTraces
      visualID="2004"
      queryText="(let _eClass_:ecore::EClass = modelFacet.metaClass.ecoreClass in _eClass_.ePackage.nsURI = 'http://arduino/1.0' and _eClass_.name = 'Ligar_Verde') and (let _containmentMF_:ecore::EStructuralFeature = modelFacet.containmentMetaFeature.ecoreFeature in (let _eClass_:ecore::EClass = _containmentMF_.eContainingClass in _eClass_.ePackage.nsURI = 'http://arduino/1.0' and _eClass_.name = 'Robo') and _containmentMF_.name = 'temAcoes')">
    <nodeLabelTraces
        visualID="5009"
        queryText="true"/>
  </nodeTraces>
  <nodeTraces
      visualID="2005"
      queryText="(let _eClass_:ecore::EClass = modelFacet.metaClass.ecoreClass in _eClass_.ePackage.nsURI = 'http://arduino/1.0' and _eClass_.name = 'Ligar_Vermelho') and (let _containmentMF_:ecore::EStructuralFeature = modelFacet.containmentMetaFeature.ecoreFeature in (let _eClass_:ecore::EClass = _containmentMF_.eContainingClass in _eClass_.ePackage.nsURI = 'http://arduino/1.0' and _eClass_.name = 'Robo') and _containmentMF_.name = 'temAcoes')">
    <nodeLabelTraces
        visualID="5010"
        queryText="true"/>
  </nodeTraces>
  <nodeTraces
      visualID="2006"
      queryText="(let _eClass_:ecore::EClass = modelFacet.metaClass.ecoreClass in _eClass_.ePackage.nsURI = 'http://arduino/1.0' and _eClass_.name = 'Desligar_Cor') and (let _containmentMF_:ecore::EStructuralFeature = modelFacet.containmentMetaFeature.ecoreFeature in (let _eClass_:ecore::EClass = _containmentMF_.eContainingClass in _eClass_.ePackage.nsURI = 'http://arduino/1.0' and _eClass_.name = 'Robo') and _containmentMF_.name = 'temAcoes')">
    <nodeLabelTraces
        visualID="5011"
        queryText="true"/>
  </nodeTraces>
  <nodeTraces
      visualID="2007"
      queryText="(let _eClass_:ecore::EClass = modelFacet.metaClass.ecoreClass in _eClass_.ePackage.nsURI = 'http://arduino/1.0' and _eClass_.name = 'Desligar_Cores') and (let _containmentMF_:ecore::EStructuralFeature = modelFacet.containmentMetaFeature.ecoreFeature in (let _eClass_:ecore::EClass = _containmentMF_.eContainingClass in _eClass_.ePackage.nsURI = 'http://arduino/1.0' and _eClass_.name = 'Robo') and _containmentMF_.name = 'temAcoes')">
    <nodeLabelTraces
        visualID="5012"
        queryText="true"/>
  </nodeTraces>
  <nodeTraces
      visualID="2008"
      queryText="(let _eClass_:ecore::EClass = modelFacet.metaClass.ecoreClass in _eClass_.ePackage.nsURI = 'http://arduino/1.0' and _eClass_.name = 'Ligar_LED_Verde') and (let _containmentMF_:ecore::EStructuralFeature = modelFacet.containmentMetaFeature.ecoreFeature in (let _eClass_:ecore::EClass = _containmentMF_.eContainingClass in _eClass_.ePackage.nsURI = 'http://arduino/1.0' and _eClass_.name = 'Robo') and _containmentMF_.name = 'temAcoes')">
    <nodeLabelTraces
        visualID="5013"
        queryText="true"/>
  </nodeTraces>
  <nodeTraces
      visualID="2009"
      queryText="(let _eClass_:ecore::EClass = modelFacet.metaClass.ecoreClass in _eClass_.ePackage.nsURI = 'http://arduino/1.0' and _eClass_.name = 'Desligar_LED_Verde') and (let _containmentMF_:ecore::EStructuralFeature = modelFacet.containmentMetaFeature.ecoreFeature in (let _eClass_:ecore::EClass = _containmentMF_.eContainingClass in _eClass_.ePackage.nsURI = 'http://arduino/1.0' and _eClass_.name = 'Robo') and _containmentMF_.name = 'temAcoes')">
    <nodeLabelTraces
        visualID="5014"
        queryText="true"/>
  </nodeTraces>
  <nodeTraces
      visualID="2010"
      queryText="(let _eClass_:ecore::EClass = modelFacet.metaClass.ecoreClass in _eClass_.ePackage.nsURI = 'http://arduino/1.0' and _eClass_.name = 'Ligar_Intermitencia') and (let _containmentMF_:ecore::EStructuralFeature = modelFacet.containmentMetaFeature.ecoreFeature in (let _eClass_:ecore::EClass = _containmentMF_.eContainingClass in _eClass_.ePackage.nsURI = 'http://arduino/1.0' and _eClass_.name = 'Robo') and _containmentMF_.name = 'temAcoes')">
    <nodeLabelTraces
        visualID="5015"
        queryText="true"/>
  </nodeTraces>
  <nodeTraces
      visualID="2011"
      queryText="(let _eClass_:ecore::EClass = modelFacet.metaClass.ecoreClass in _eClass_.ePackage.nsURI = 'http://arduino/1.0' and _eClass_.name = 'Desligar_Intermitencia') and (let _containmentMF_:ecore::EStructuralFeature = modelFacet.containmentMetaFeature.ecoreFeature in (let _eClass_:ecore::EClass = _containmentMF_.eContainingClass in _eClass_.ePackage.nsURI = 'http://arduino/1.0' and _eClass_.name = 'Robo') and _containmentMF_.name = 'temAcoes')">
    <nodeLabelTraces
        visualID="5016"
        queryText="true"/>
  </nodeTraces>
  <nodeTraces
      visualID="2012"
      queryText="(let _eClass_:ecore::EClass = modelFacet.metaClass.ecoreClass in _eClass_.ePackage.nsURI = 'http://arduino/1.0' and _eClass_.name = 'Virar_Esquerda') and (let _containmentMF_:ecore::EStructuralFeature = modelFacet.containmentMetaFeature.ecoreFeature in (let _eClass_:ecore::EClass = _containmentMF_.eContainingClass in _eClass_.ePackage.nsURI = 'http://arduino/1.0' and _eClass_.name = 'Robo') and _containmentMF_.name = 'temAcoes')">
    <nodeLabelTraces
        visualID="5001"
        queryText="true"/>
  </nodeTraces>
  <nodeTraces
      visualID="2013"
      queryText="(let _eClass_:ecore::EClass = modelFacet.metaClass.ecoreClass in _eClass_.ePackage.nsURI = 'http://arduino/1.0' and _eClass_.name = 'Mover_Frente') and (let _containmentMF_:ecore::EStructuralFeature = modelFacet.containmentMetaFeature.ecoreFeature in (let _eClass_:ecore::EClass = _containmentMF_.eContainingClass in _eClass_.ePackage.nsURI = 'http://arduino/1.0' and _eClass_.name = 'Robo') and _containmentMF_.name = 'temAcoes')">
    <nodeLabelTraces
        visualID="5002"
        queryText="true"/>
  </nodeTraces>
  <nodeTraces
      visualID="2014"
      queryText="(let _eClass_:ecore::EClass = modelFacet.metaClass.ecoreClass in _eClass_.ePackage.nsURI = 'http://arduino/1.0' and _eClass_.name = 'Mover_Tras') and (let _containmentMF_:ecore::EStructuralFeature = modelFacet.containmentMetaFeature.ecoreFeature in (let _eClass_:ecore::EClass = _containmentMF_.eContainingClass in _eClass_.ePackage.nsURI = 'http://arduino/1.0' and _eClass_.name = 'Robo') and _containmentMF_.name = 'temAcoes')">
    <nodeLabelTraces
        visualID="5003"
        queryText="true"/>
  </nodeTraces>
  <nodeTraces
      visualID="2015"
      queryText="(let _eClass_:ecore::EClass = modelFacet.metaClass.ecoreClass in _eClass_.ePackage.nsURI = 'http://arduino/1.0' and _eClass_.name = 'Virar_Direita') and (let _containmentMF_:ecore::EStructuralFeature = modelFacet.containmentMetaFeature.ecoreFeature in (let _eClass_:ecore::EClass = _containmentMF_.eContainingClass in _eClass_.ePackage.nsURI = 'http://arduino/1.0' and _eClass_.name = 'Robo') and _containmentMF_.name = 'temAcoes')">
    <nodeLabelTraces
        visualID="5004"
        queryText="true"/>
  </nodeTraces>
  <nodeTraces
      visualID="2016"
      queryText="(let _eClass_:ecore::EClass = modelFacet.metaClass.ecoreClass in _eClass_.ePackage.nsURI = 'http://arduino/1.0' and _eClass_.name = 'Rodar_Esquerda_Tempo') and (let _containmentMF_:ecore::EStructuralFeature = modelFacet.containmentMetaFeature.ecoreFeature in (let _eClass_:ecore::EClass = _containmentMF_.eContainingClass in _eClass_.ePackage.nsURI = 'http://arduino/1.0' and _eClass_.name = 'Robo') and _containmentMF_.name = 'temAcoes')">
    <nodeLabelTraces
        visualID="5005"
        queryText="true"/>
  </nodeTraces>
  <nodeTraces
      visualID="2017"
      queryText="(let _eClass_:ecore::EClass = modelFacet.metaClass.ecoreClass in _eClass_.ePackage.nsURI = 'http://arduino/1.0' and _eClass_.name = 'Rodar_Direita_Tempo') and (let _containmentMF_:ecore::EStructuralFeature = modelFacet.containmentMetaFeature.ecoreFeature in (let _eClass_:ecore::EClass = _containmentMF_.eContainingClass in _eClass_.ePackage.nsURI = 'http://arduino/1.0' and _eClass_.name = 'Robo') and _containmentMF_.name = 'temAcoes')">
    <nodeLabelTraces
        visualID="5017"
        queryText="true"/>
  </nodeTraces>
  <nodeTraces
      visualID="2018"
      queryText="(let _eClass_:ecore::EClass = modelFacet.metaClass.ecoreClass in _eClass_.ePackage.nsURI = 'http://arduino/1.0' and _eClass_.name = 'Mover_Frente_Tempo') and (let _containmentMF_:ecore::EStructuralFeature = modelFacet.containmentMetaFeature.ecoreFeature in (let _eClass_:ecore::EClass = _containmentMF_.eContainingClass in _eClass_.ePackage.nsURI = 'http://arduino/1.0' and _eClass_.name = 'Robo') and _containmentMF_.name = 'temAcoes')">
    <nodeLabelTraces
        visualID="5018"
        queryText="true"/>
  </nodeTraces>
  <nodeTraces
      visualID="2019"
      queryText="(let _eClass_:ecore::EClass = modelFacet.metaClass.ecoreClass in _eClass_.ePackage.nsURI = 'http://arduino/1.0' and _eClass_.name = 'Mover_Tras_Tempo') and (let _containmentMF_:ecore::EStructuralFeature = modelFacet.containmentMetaFeature.ecoreFeature in (let _eClass_:ecore::EClass = _containmentMF_.eContainingClass in _eClass_.ePackage.nsURI = 'http://arduino/1.0' and _eClass_.name = 'Robo') and _containmentMF_.name = 'temAcoes')">
    <nodeLabelTraces
        visualID="5019"
        queryText="true"/>
  </nodeTraces>
  <nodeTraces
      visualID="2020"
      queryText="(let _eClass_:ecore::EClass = modelFacet.metaClass.ecoreClass in _eClass_.ePackage.nsURI = 'http://arduino/1.0' and _eClass_.name = 'Virar_para_X_Graus') and (let _containmentMF_:ecore::EStructuralFeature = modelFacet.containmentMetaFeature.ecoreFeature in (let _eClass_:ecore::EClass = _containmentMF_.eContainingClass in _eClass_.ePackage.nsURI = 'http://arduino/1.0' and _eClass_.name = 'Robo') and _containmentMF_.name = 'temAcoes')">
    <nodeLabelTraces
        visualID="5020"
        queryText="true"/>
  </nodeTraces>
  <nodeTraces
      visualID="2021"
      queryText="(let _eClass_:ecore::EClass = modelFacet.metaClass.ecoreClass in _eClass_.ePackage.nsURI = 'http://arduino/1.0' and _eClass_.name = 'Virar_Max_Drt') and (let _containmentMF_:ecore::EStructuralFeature = modelFacet.containmentMetaFeature.ecoreFeature in (let _eClass_:ecore::EClass = _containmentMF_.eContainingClass in _eClass_.ePackage.nsURI = 'http://arduino/1.0' and _eClass_.name = 'Robo') and _containmentMF_.name = 'temAcoes')">
    <nodeLabelTraces
        visualID="5021"
        queryText="true"/>
  </nodeTraces>
  <nodeTraces
      visualID="2022"
      queryText="(let _eClass_:ecore::EClass = modelFacet.metaClass.ecoreClass in _eClass_.ePackage.nsURI = 'http://arduino/1.0' and _eClass_.name = 'Virar_Max_Esq') and (let _containmentMF_:ecore::EStructuralFeature = modelFacet.containmentMetaFeature.ecoreFeature in (let _eClass_:ecore::EClass = _containmentMF_.eContainingClass in _eClass_.ePackage.nsURI = 'http://arduino/1.0' and _eClass_.name = 'Robo') and _containmentMF_.name = 'temAcoes')">
    <nodeLabelTraces
        visualID="5022"
        queryText="true"/>
  </nodeTraces>
  <nodeTraces
      visualID="2023"
      queryText="(let _eClass_:ecore::EClass = modelFacet.metaClass.ecoreClass in _eClass_.ePackage.nsURI = 'http://arduino/1.0' and _eClass_.name = 'Centrar') and (let _containmentMF_:ecore::EStructuralFeature = modelFacet.containmentMetaFeature.ecoreFeature in (let _eClass_:ecore::EClass = _containmentMF_.eContainingClass in _eClass_.ePackage.nsURI = 'http://arduino/1.0' and _eClass_.name = 'Robo') and _containmentMF_.name = 'temAcoes')">
    <nodeLabelTraces
        visualID="5023"
        queryText="true"/>
  </nodeTraces>
  <nodeTraces
      visualID="2024"
      queryText="(let _eClass_:ecore::EClass = modelFacet.metaClass.ecoreClass in _eClass_.ePackage.nsURI = 'http://arduino/1.0' and _eClass_.name = 'Virar_45_Esq') and (let _containmentMF_:ecore::EStructuralFeature = modelFacet.containmentMetaFeature.ecoreFeature in (let _eClass_:ecore::EClass = _containmentMF_.eContainingClass in _eClass_.ePackage.nsURI = 'http://arduino/1.0' and _eClass_.name = 'Robo') and _containmentMF_.name = 'temAcoes')">
    <nodeLabelTraces
        visualID="5024"
        queryText="true"/>
  </nodeTraces>
  <nodeTraces
      visualID="2025"
      queryText="(let _eClass_:ecore::EClass = modelFacet.metaClass.ecoreClass in _eClass_.ePackage.nsURI = 'http://arduino/1.0' and _eClass_.name = 'Virar_45_Drt') and (let _containmentMF_:ecore::EStructuralFeature = modelFacet.containmentMetaFeature.ecoreFeature in (let _eClass_:ecore::EClass = _containmentMF_.eContainingClass in _eClass_.ePackage.nsURI = 'http://arduino/1.0' and _eClass_.name = 'Robo') and _containmentMF_.name = 'temAcoes')">
    <nodeLabelTraces
        visualID="5025"
        queryText="true"/>
  </nodeTraces>
  <nodeTraces
      visualID="2026"
      queryText="(let _eClass_:ecore::EClass = modelFacet.metaClass.ecoreClass in _eClass_.ePackage.nsURI = 'http://arduino/1.0' and _eClass_.name = 'Mover_Aleatoriamente') and (let _containmentMF_:ecore::EStructuralFeature = modelFacet.containmentMetaFeature.ecoreFeature in (let _eClass_:ecore::EClass = _containmentMF_.eContainingClass in _eClass_.ePackage.nsURI = 'http://arduino/1.0' and _eClass_.name = 'Robo') and _containmentMF_.name = 'temAcoes')">
    <nodeLabelTraces
        visualID="5026"
        queryText="true"/>
  </nodeTraces>
  <nodeTraces
      visualID="2027"
      queryText="(let _eClass_:ecore::EClass = modelFacet.metaClass.ecoreClass in _eClass_.ePackage.nsURI = 'http://arduino/1.0' and _eClass_.name = 'While') and (let _containmentMF_:ecore::EStructuralFeature = modelFacet.containmentMetaFeature.ecoreFeature in (let _eClass_:ecore::EClass = _containmentMF_.eContainingClass in _eClass_.ePackage.nsURI = 'http://arduino/1.0' and _eClass_.name = 'Robo') and _containmentMF_.name = 'temAcoes')">
    <nodeLabelTraces
        visualID="5036"
        queryText="true"/>
  </nodeTraces>
  <nodeTraces
      visualID="2028"
      queryText="(let _eClass_:ecore::EClass = modelFacet.metaClass.ecoreClass in _eClass_.ePackage.nsURI = 'http://arduino/1.0' and _eClass_.name = 'If') and (let _containmentMF_:ecore::EStructuralFeature = modelFacet.containmentMetaFeature.ecoreFeature in (let _eClass_:ecore::EClass = _containmentMF_.eContainingClass in _eClass_.ePackage.nsURI = 'http://arduino/1.0' and _eClass_.name = 'Robo') and _containmentMF_.name = 'temAcoes')">
    <nodeLabelTraces
        visualID="5030"
        queryText="true"/>
  </nodeTraces>
  <nodeTraces
      visualID="2029"
      queryText="(let _eClass_:ecore::EClass = modelFacet.metaClass.ecoreClass in _eClass_.ePackage.nsURI = 'http://arduino/1.0' and _eClass_.name = 'Inicio') and (let _containmentMF_:ecore::EStructuralFeature = modelFacet.containmentMetaFeature.ecoreFeature in (let _eClass_:ecore::EClass = _containmentMF_.eContainingClass in _eClass_.ePackage.nsURI = 'http://arduino/1.0' and _eClass_.name = 'Robo') and _containmentMF_.name = 'temAcoes')">
    <nodeLabelTraces
        visualID="5027"
        queryText="true"/>
  </nodeTraces>
  <nodeTraces
      visualID="2030"
      queryText="(let _eClass_:ecore::EClass = modelFacet.metaClass.ecoreClass in _eClass_.ePackage.nsURI = 'http://arduino/1.0' and _eClass_.name = 'Fim') and (let _containmentMF_:ecore::EStructuralFeature = modelFacet.containmentMetaFeature.ecoreFeature in (let _eClass_:ecore::EClass = _containmentMF_.eContainingClass in _eClass_.ePackage.nsURI = 'http://arduino/1.0' and _eClass_.name = 'Robo') and _containmentMF_.name = 'temAcoes')">
    <nodeLabelTraces
        visualID="5028"
        queryText="true"/>
  </nodeTraces>
  <nodeTraces
      visualID="2033"
      queryText="(let _eClass_:ecore::EClass = modelFacet.metaClass.ecoreClass in _eClass_.ePackage.nsURI = 'http://arduino/1.0' and _eClass_.name = 'Bumper_Pressionado') and (let _containmentMF_:ecore::EStructuralFeature = modelFacet.containmentMetaFeature.ecoreFeature in (let _eClass_:ecore::EClass = _containmentMF_.eContainingClass in _eClass_.ePackage.nsURI = 'http://arduino/1.0' and _eClass_.name = 'Robo') and _containmentMF_.name = 'temCondicoes')">
    <nodeLabelTraces
        visualID="5033"
        queryText="true"/>
  </nodeTraces>
  <nodeTraces
      visualID="2034"
      queryText="(let _eClass_:ecore::EClass = modelFacet.metaClass.ecoreClass in _eClass_.ePackage.nsURI = 'http://arduino/1.0' and _eClass_.name = 'Distancia_Infra_Vermelhos') and (let _containmentMF_:ecore::EStructuralFeature = modelFacet.containmentMetaFeature.ecoreFeature in (let _eClass_:ecore::EClass = _containmentMF_.eContainingClass in _eClass_.ePackage.nsURI = 'http://arduino/1.0' and _eClass_.name = 'Robo') and _containmentMF_.name = 'temCondicoes')">
    <nodeLabelTraces
        visualID="5032"
        queryText="true"/>
  </nodeTraces>
  <nodeTraces
      visualID="2035"
      queryText="(let _eClass_:ecore::EClass = modelFacet.metaClass.ecoreClass in _eClass_.ePackage.nsURI = 'http://arduino/1.0' and _eClass_.name = 'Parar') and (let _containmentMF_:ecore::EStructuralFeature = modelFacet.containmentMetaFeature.ecoreFeature in (let _eClass_:ecore::EClass = _containmentMF_.eContainingClass in _eClass_.ePackage.nsURI = 'http://arduino/1.0' and _eClass_.name = 'Robo') and _containmentMF_.name = 'temAcoes')">
    <nodeLabelTraces
        visualID="5034"
        queryText="true"/>
  </nodeTraces>
  <nodeTraces
      visualID="2036"
      queryText="(let _eClass_:ecore::EClass = modelFacet.metaClass.ecoreClass in _eClass_.ePackage.nsURI = 'http://arduino/1.0' and _eClass_.name = 'Parar_Tempo') and (let _containmentMF_:ecore::EStructuralFeature = modelFacet.containmentMetaFeature.ecoreFeature in (let _eClass_:ecore::EClass = _containmentMF_.eContainingClass in _eClass_.ePackage.nsURI = 'http://arduino/1.0' and _eClass_.name = 'Robo') and _containmentMF_.name = 'temAcoes')">
    <nodeLabelTraces
        visualID="5035"
        queryText="true"/>
  </nodeTraces>
  <linkTraces
      visualID="4001"
      queryText="modelFacet.oclIsKindOf(gmfgen::TypeLinkModelFacet) and (let _eClass_:ecore::EClass = modelFacet.oclAsType(gmfgen::TypeLinkModelFacet).metaClass.ecoreClass in _eClass_.ePackage.nsURI = 'http://arduino/1.0' and _eClass_.name = 'Transicoes')"/>
</trace:TraceModel>
