!SESSION 2013-06-07 09:32:01.718 -----------------------------------------------
eclipse.buildId=unknown
java.version=1.7.0_21
java.vendor=Oracle Corporation
BootLoader constants: OS=win32, ARCH=x86, WS=win32, NL=pt_PT
Framework arguments:  -application org.farrusco.diagram.FarruscoApplication
Command-line arguments:  -application org.farrusco.diagram.FarruscoApplication -data C:\Users\Leonardo\Desktop\eclipse-epsilon\workspace/../runtime-org.farrusco.diagram.FarruscoApplication -dev file:C:/Users/Leonardo/Desktop/eclipse-epsilon/workspace/.metadata/.plugins/org.eclipse.pde.core/org.farrusco.diagram.FarruscoApplication/dev.properties -os win32 -ws win32 -arch x86 -consoleLog

!ENTRY org.eclipse.osgi 2 0 2013-06-07 09:32:02.768
!MESSAGE One or more bundles are not resolved because the following root constraints are not resolved:
!SUBENTRY 1 org.eclipse.osgi 2 0 2013-06-07 09:32:02.768
!MESSAGE Bundle initial@reference:file:workspace/org.farrusco.diagram/ was not resolved.
!SUBENTRY 2 org.farrusco.diagram 2 0 2013-06-07 09:32:02.768
!MESSAGE Missing required bundle org.eclipse.gmf.runtime.diagram.ui.providers.ide_0.0.0.
!SUBENTRY 2 org.farrusco.diagram 2 0 2013-06-07 09:32:02.768
!MESSAGE Missing required bundle org.eclipse.ui.navigator.resources_0.0.0.
!SUBENTRY 2 org.farrusco.diagram 2 0 2013-06-07 09:32:02.769
!MESSAGE Missing required bundle org.eclipse.ui.navigator_0.0.0.
!SUBENTRY 2 org.farrusco.diagram 2 0 2013-06-07 09:32:02.769
!MESSAGE Missing required bundle org.eclipse.gmf.runtime.diagram.ui.resources.editor.ide_0.0.0.

!ENTRY org.eclipse.osgi 2 0 2013-06-07 09:32:02.772
!MESSAGE The following is a complete list of bundles which are not resolved, see the prior log entry for the root cause if it exists:
!SUBENTRY 1 org.eclipse.osgi 2 0 2013-06-07 09:32:02.772
!MESSAGE Bundle org.farrusco.diagram_1.0.0.qualifier [162] was not resolved.
!SUBENTRY 2 org.farrusco.diagram 2 0 2013-06-07 09:32:02.772
!MESSAGE Missing required bundle org.eclipse.ui.navigator_0.0.0.
!SUBENTRY 2 org.farrusco.diagram 2 0 2013-06-07 09:32:02.772
!MESSAGE Missing required bundle org.eclipse.ui.navigator.resources_0.0.0.
!SUBENTRY 2 org.farrusco.diagram 2 0 2013-06-07 09:32:02.772
!MESSAGE Missing required bundle org.eclipse.gmf.runtime.diagram.ui.providers.ide_0.0.0.
!SUBENTRY 2 org.farrusco.diagram 2 0 2013-06-07 09:32:02.773
!MESSAGE Missing required bundle org.eclipse.gmf.runtime.diagram.ui.resources.editor.ide_0.0.0.

!ENTRY org.eclipse.osgi 2 0 2013-06-07 09:32:02.781
!MESSAGE One or more bundles are not resolved because the following root constraints are not resolved:
!SUBENTRY 1 org.eclipse.osgi 2 0 2013-06-07 09:32:02.782
!MESSAGE Bundle initial@reference:file:workspace/org.farrusco.diagram/ was not resolved.
!SUBENTRY 2 org.farrusco.diagram 2 0 2013-06-07 09:32:02.782
!MESSAGE Missing required bundle org.eclipse.gmf.runtime.diagram.ui.providers.ide_0.0.0.
!SUBENTRY 2 org.farrusco.diagram 2 0 2013-06-07 09:32:02.782
!MESSAGE Missing required bundle org.eclipse.ui.navigator.resources_0.0.0.
!SUBENTRY 2 org.farrusco.diagram 2 0 2013-06-07 09:32:02.782
!MESSAGE Missing required bundle org.eclipse.ui.navigator_0.0.0.
!SUBENTRY 2 org.farrusco.diagram 2 0 2013-06-07 09:32:02.782
!MESSAGE Missing required bundle org.eclipse.gmf.runtime.diagram.ui.resources.editor.ide_0.0.0.

!ENTRY org.eclipse.osgi 2 0 2013-06-07 09:32:02.784
!MESSAGE The following is a complete list of bundles which are not resolved, see the prior log entry for the root cause if it exists:
!SUBENTRY 1 org.eclipse.osgi 2 0 2013-06-07 09:32:02.784
!MESSAGE Bundle org.farrusco.diagram_1.0.0.qualifier [162] was not resolved.
!SUBENTRY 2 org.farrusco.diagram 2 0 2013-06-07 09:32:02.785
!MESSAGE Missing required bundle org.eclipse.ui.navigator_0.0.0.
!SUBENTRY 2 org.farrusco.diagram 2 0 2013-06-07 09:32:02.785
!MESSAGE Missing required bundle org.eclipse.ui.navigator.resources_0.0.0.
!SUBENTRY 2 org.farrusco.diagram 2 0 2013-06-07 09:32:02.785
!MESSAGE Missing required bundle org.eclipse.gmf.runtime.diagram.ui.providers.ide_0.0.0.
!SUBENTRY 2 org.farrusco.diagram 2 0 2013-06-07 09:32:02.785
!MESSAGE Missing required bundle org.eclipse.gmf.runtime.diagram.ui.resources.editor.ide_0.0.0.

!ENTRY org.eclipse.osgi 4 0 2013-06-07 09:32:02.786
!MESSAGE Application error
!STACK 1
java.lang.RuntimeException: Application "org.farrusco.diagram.FarruscoApplication" could not be found in the registry. The applications available are: org.eclipse.equinox.app.error, org.eclipse.ant.core.antRunner, org.eclipse.e4.ui.workbench.swt.E4Application, org.eclipse.e4.ui.workbench.swt.GenTopic.
	at org.eclipse.equinox.internal.app.EclipseAppContainer.startDefaultApp(EclipseAppContainer.java:248)
	at org.eclipse.equinox.internal.app.MainApplicationLauncher.run(MainApplicationLauncher.java:29)
	at org.eclipse.core.runtime.internal.adaptor.EclipseAppLauncher.runApplication(EclipseAppLauncher.java:110)
	at org.eclipse.core.runtime.internal.adaptor.EclipseAppLauncher.start(EclipseAppLauncher.java:79)
	at org.eclipse.core.runtime.adaptor.EclipseStarter.run(EclipseStarter.java:353)
	at org.eclipse.core.runtime.adaptor.EclipseStarter.run(EclipseStarter.java:180)
	at sun.reflect.NativeMethodAccessorImpl.invoke0(Native Method)
	at sun.reflect.NativeMethodAccessorImpl.invoke(Unknown Source)
	at sun.reflect.DelegatingMethodAccessorImpl.invoke(Unknown Source)
	at java.lang.reflect.Method.invoke(Unknown Source)
	at org.eclipse.equinox.launcher.Main.invokeFramework(Main.java:629)
	at org.eclipse.equinox.launcher.Main.basicRun(Main.java:584)
	at org.eclipse.equinox.launcher.Main.run(Main.java:1438)
	at org.eclipse.equinox.launcher.Main.main(Main.java:1414)
